# JRE version: Java(TM) SE Runtime Environment (8.0-b132) (build 1.8.0-b132)
# Java VM: Java HotSpot(TM) 64-Bit Server VM (25.0-b70 mixed mode windows-amd64 compressed oops)
Heap:
 PSYoungGen      total 33792K, used 8468K [0x00000000d8b00000, 0x00000000db200000, 0x0000000100000000)
  eden space 33280K, 25% used [0x00000000d8b00000,0x00000000d9325148,0x00000000dab80000)
  from space 512K, 25% used [0x00000000db180000,0x00000000db1a0000,0x00000000db200000)
  to   space 1024K, 0% used [0x00000000db000000,0x00000000db000000,0x00000000db100000)
 ParOldGen       total 119296K, used 2485K [0x000000008a000000, 0x0000000091480000, 0x00000000d8b00000)
  object space 119296K, 2% used [0x000000008a000000,0x000000008a26d408,0x0000000091480000)
 Metaspace       used 7315K, capacity 7356K, committed 7552K, reserved 1056768K
  class space    used 840K, capacity 850K, committed 896K, reserved 1048576K
GC Heap History (10 events):
Event: 0.959 GC heap before
{Heap before GC invocations=18 (full 0):
 PSYoungGen      total 29184K, used 28352K [0x00000000d8b00000, 0x00000000db380000, 0x0000000100000000)
  eden space 28160K, 100% used [0x00000000d8b00000,0x00000000da680000,0x00000000da680000)
  from space 1024K, 18% used [0x00000000da680000,0x00000000da6b0000,0x00000000da780000)
  to   space 1024K, 0% used [0x00000000db280000,0x00000000db280000,0x00000000db380000)
 ParOldGen       total 119296K, used 2168K [0x000000008a000000, 0x0000000091480000, 0x00000000d8b00000)
  object space 119296K, 1% used [0x000000008a000000,0x000000008a21e3f8,0x0000000091480000)
 Metaspace       used 6702K, capacity 6854K, committed 7040K, reserved 1056768K
  class space    used 777K, capacity 817K, committed 896K, reserved 1048576K
Event: 0.959 GC heap after
Heap after GC invocations=18 (full 0):
 PSYoungGen      total 40448K, used 160K [0x00000000d8b00000, 0x00000000db380000, 0x0000000100000000)
  eden space 39424K, 0% used [0x00000000d8b00000,0x00000000d8b00000,0x00000000db180000)
  from space 1024K, 15% used [0x00000000db280000,0x00000000db2a8000,0x00000000db380000)
  to   space 1024K, 0% used [0x00000000db180000,0x00000000db180000,0x00000000db280000)
 ParOldGen       total 119296K, used 2224K [0x000000008a000000, 0x0000000091480000, 0x00000000d8b00000)
  object space 119296K, 1% used [0x000000008a000000,0x000000008a22c3f8,0x0000000091480000)
 Metaspace       used 6702K, capacity 6854K, committed 7040K, reserved 1056768K
  class space    used 777K, capacity 817K, committed 896K, reserved 1048576K
}
Event: 1.070 GC heap before
{Heap before GC invocations=19 (full 0):
 PSYoungGen      total 40448K, used 39584K [0x00000000d8b00000, 0x00000000db380000, 0x0000000100000000)
  eden space 39424K, 100% used [0x00000000d8b00000,0x00000000db180000,0x00000000db180000)
  from space 1024K, 15% used [0x00000000db280000,0x00000000db2a8000,0x00000000db380000)
  to   space 1024K, 0% used [0x00000000db180000,0x00000000db180000,0x00000000db280000)
 ParOldGen       total 119296K, used 2224K [0x000000008a000000, 0x0000000091480000, 0x00000000d8b00000)
  object space 119296K, 1% used [0x000000008a000000,0x000000008a22c3f8,0x0000000091480000)
 Metaspace       used 6999K, capacity 7094K, committed 7296K, reserved 1056768K
  class space    used 813K, capacity 849K, committed 896K, reserved 1048576K
Event: 1.071 GC heap after
Heap after GC invocations=19 (full 0):
 PSYoungGen      total 38400K, used 256K [0x00000000d8b00000, 0x00000000db300000, 0x0000000100000000)
  eden space 37888K, 0% used [0x00000000d8b00000,0x00000000d8b00000,0x00000000db000000)
  from space 512K, 50% used [0x00000000db180000,0x00000000db1c0000,0x00000000db200000)
  to   space 1024K, 0% used [0x00000000db200000,0x00000000db200000,0x00000000db300000)
 ParOldGen       total 119296K, used 2264K [0x000000008a000000, 0x0000000091480000, 0x00000000d8b00000)
  object space 119296K, 1% used [0x000000008a000000,0x000000008a2363f8,0x0000000091480000)
 Metaspace       used 6999K, capacity 7094K, committed 7296K, reserved 1056768K
  class space    used 813K, capacity 849K, committed 896K, reserved 1048576K
}
Event: 1.174 GC heap before
{Heap before GC invocations=20 (full 0):
 PSYoungGen      total 38400K, used 38144K [0x00000000d8b00000, 0x00000000db300000, 0x0000000100000000)
  eden space 37888K, 100% used [0x00000000d8b00000,0x00000000db000000,0x00000000db000000)
  from space 512K, 50% used [0x00000000db180000,0x00000000db1c0000,0x00000000db200000)
  to   space 1024K, 0% used [0x00000000db200000,0x00000000db200000,0x00000000db300000)
 ParOldGen       total 119296K, used 2264K [0x000000008a000000, 0x0000000091480000, 0x00000000d8b00000)
  object space 119296K, 1% used [0x000000008a000000,0x000000008a2363f8,0x0000000091480000)
 Metaspace       used 7152K, capacity 7228K, committed 7296K, reserved 1056768K
  class space    used 831K, capacity 850K, committed 896K, reserved 1048576K
Event: 1.175 GC heap after
Heap after GC invocations=20 (full 0):
 PSYoungGen      total 36864K, used 160K [0x00000000d8b00000, 0x00000000db280000, 0x0000000100000000)
  eden space 36352K, 0% used [0x00000000d8b00000,0x00000000d8b00000,0x00000000dae80000)
  from space 512K, 31% used [0x00000000db200000,0x00000000db228000,0x00000000db280000)
  to   space 1024K, 0% used [0x00000000db080000,0x00000000db080000,0x00000000db180000)
 ParOldGen       total 119296K, used 2437K [0x000000008a000000, 0x0000000091480000, 0x00000000d8b00000)
  object space 119296K, 2% used [0x000000008a000000,0x000000008a261408,0x0000000091480000)
 Metaspace       used 7152K, capacity 7228K, committed 7296K, reserved 1056768K
  class space    used 831K, capacity 850K, committed 896K, reserved 1048576K
}
Event: 1.258 GC heap before
{Heap before GC invocations=21 (full 0):
 PSYoungGen      total 36864K, used 36512K [0x00000000d8b00000, 0x00000000db280000, 0x0000000100000000)
  eden space 36352K, 100% used [0x00000000d8b00000,0x00000000dae80000,0x00000000dae80000)
  from space 512K, 31% used [0x00000000db200000,0x00000000db228000,0x00000000db280000)
  to   space 1024K, 0% used [0x00000000db080000,0x00000000db080000,0x00000000db180000)
 ParOldGen       total 119296K, used 2437K [0x000000008a000000, 0x0000000091480000, 0x00000000d8b00000)
  object space 119296K, 2% used [0x000000008a000000,0x000000008a261408,0x0000000091480000)
 Metaspace       used 7200K, capacity 7292K, committed 7552K, reserved 1056768K
  class space    used 835K, capacity 850K, committed 896K, reserved 1048576K
Event: 1.258 GC heap after
Heap after GC invocations=21 (full 0):
 PSYoungGen      total 35840K, used 160K [0x00000000d8b00000, 0x00000000db280000, 0x0000000100000000)
  eden space 34816K, 0% used [0x00000000d8b00000,0x00000000d8b00000,0x00000000dad00000)
  from space 1024K, 15% used [0x00000000db080000,0x00000000db0a8000,0x00000000db180000)
  to   space 1024K, 0% used [0x00000000db180000,0x00000000db180000,0x00000000db280000)
 ParOldGen       total 119296K, used 2469K [0x000000008a000000, 0x0000000091480000, 0x00000000d8b00000)
  object space 119296K, 2% used [0x000000008a000000,0x000000008a269408,0x0000000091480000)
 Metaspace       used 7200K, capacity 7292K, committed 7552K, reserved 1056768K
  class space    used 835K, capacity 850K, committed 896K, reserved 1048576K
}
Event: 1.333 GC heap before
{Heap before GC invocations=22 (full 0):
 PSYoungGen      total 35840K, used 34976K [0x00000000d8b00000, 0x00000000db280000, 0x0000000100000000)
  eden space 34816K, 100% used [0x00000000d8b00000,0x00000000dad00000,0x00000000dad00000)
  from space 1024K, 15% used [0x00000000db080000,0x00000000db0a8000,0x00000000db180000)
  to   space 1024K, 0% used [0x00000000db180000,0x00000000db180000,0x00000000db280000)
 ParOldGen       total 119296K, used 2469K [0x000000008a000000, 0x0000000091480000, 0x00000000d8b00000)
  object space 119296K, 2% used [0x000000008a000000,0x000000008a269408,0x0000000091480000)
 Metaspace       used 7262K, capacity 7356K, committed 7552K, reserved 1056768K
  class space    used 835K, capacity 850K, committed 896K, reserved 1048576K
Event: 1.334 GC heap after
Heap after GC invocations=22 (full 0):
 PSYoungGen      total 33792K, used 128K [0x00000000d8b00000, 0x00000000db200000, 0x0000000100000000)
  eden space 33280K, 0% used [0x00000000d8b00000,0x00000000d8b00000,0x00000000dab80000)
  from space 512K, 25% used [0x00000000db180000,0x00000000db1a0000,0x00000000db200000)
  to   space 1024K, 0% used [0x00000000db000000,0x00000000db000000,0x00000000db100000)
 ParOldGen       total 119296K, used 2485K [0x000000008a000000, 0x0000000091480000, 0x00000000d8b00000)
  object space 119296K, 2% used [0x000000008a000000,0x000000008a26d408,0x0000000091480000)
 Metaspace       used 7262K, capacity 7356K, committed 7552K, reserved 1056768K
  class space    used 835K, capacity 850K, committed 896K, reserved 1048576K
}

